1743639471108:greeting yongmin
1743639480192:greet yongmin
1743639517823:farewell hyeon
1743639527521:end
1743646714174:login 1 1
1743646722596:current-user
1743646728676:logout
1743647345949:save-user 1 1 yongmin
1743647350305:login 1 1
1743650546451:save-user 1 1 yongmin
1743650554283:login 1 1
1743650566551:current-user
1743653860551:city
1743654101928:citu
1743654103665:city
1743654559176:price 동두천시 가정용
1743654964782:city 동두천시 가정용
1743654974513:price 동두천시 가정용
1743655051608:price 동구천시 가정용
1743655074296:price s s
1743655102625:save-user 1 1 yongmin
1743655110731:login 1 1
1743655126499:price dsasa dsadas
1743677016097:login 1 1
1743677221871:login 2 2
1743677243464:city
1743677251515:sector 동두천시
1743677327471:login 1 dsa
1743677372240:login 1 1
1743677536379:city
1743677545676:sector 진도군
1743677548825:login 1 1
1743679307562:current-user
1743679311420:logout
1743679315029:current-user
1743679317869:login 2 2
1743679339225:city
1743679344570:sector 동두천시
1743679420692:city
1743679425496:sector 동구천시
1743679539939:sector 동두천시
1743679573958:price 동두천시 가정용
1743679639214:sector 동두천시
1743679665448:city
1743679673359:price 동두천시 가정용
1743679719821:bill-total 동두천시 가정용 10
1743679769527:bill-total 동두천시 가정용 21
1743682582808:bill-total 동두천시 가정용 10
1743684198278:city
1743686084553:login 1 1
1743686090341:city
1743686095353:sector 사천시
1743686107714:price 사천시 학교용
1743686415285:챠쇼
1743686418640:city
1743686423135:sector 사천시
1743686438071:price 사천시 산업용
1743686533520:price 동두천시 가정용
1743686723478:bill-total 동두천시 가정용 10
1743686799446:price 동두천시 가정용
1743687925137:login 1 1
1743689145227:city
1743689194431:login 1 1
1743689404801:current-user
1743689408283:logout
1743689412475:login 1 1
1743690115826:logout
1743726293670:city
1743726318547:sector 동두천시
1743726370781:sector 동구천시
1743726385418:city
1743726462265:sector 진도군
1743726524121:sector
1743726527045:sector 진도군
1743726665204:city
1743727067601:sector 진도군
1743727363561:city
1743727675713:sector 동두천시
1743727689681:price 동두천시 가정용
1743727734288:bill-total 동두천시 가정용 10
1743727799327:챠쇼
1743727800771:city
1743727813705:price 동두천시 가정용
1743728598855:city
1743728609519:login 1 1
1743728612949:city
1743728645257:logout
1743728986767:login 1 1
1743728988518:city
1743728996209:sector 진도군
1743729036020:price 진도군 가정용
1743738031926:price 동두천시 가저용
1743738041193:price 동두천시 가정용
1743738439913:logout
1743738442930:city
1743738471085:current-user
1743739772797:login 1 1
1743742491039:city
1743742518434:login 1 1
1743743581622:logout
1743743584620:city
1743743587377:login 1 1
1743745063898:city
1743745074288:price 동두천시 가정용
1743745081531:sector 동두천시
